<?xml version="1.0" encoding="UTF-8"?>
<!-- Generated by org.testng.reporters.JUnitReportReporter -->
<testsuite hostname="DESKTOP-GE4QGGA" failures="0" tests="2" name="testcases.PIM" time="37.381" errors="0" timestamp="2024-08-13T17:17:22 IST" skipped="0">
  <testcase classname="testcases.PIM" name="TC001_add_employee" time="11.315"/>
  <testcase classname="testcases.PIM" name="TC002_search_employee" time="26.066"/>
</testsuite> <!-- testcases.PIM -->
