<?xml version="1.0" encoding="UTF-8"?>
<!-- Generated by org.testng.reporters.JUnitReportReporter -->
<testsuite hostname="DESKTOP-GE4QGGA" failures="0" tests="2" name="testcases.Login" time="6.982" errors="0" timestamp="2024-08-13T15:37:34 IST" skipped="0">
  <testcase classname="testcases.Login" name="login_to_application" time="3.415"/>
  <testcase classname="testcases.Login" name="logout_from_application" time="3.567"/>
</testsuite> <!-- testcases.Login -->
